0 info it worked if it ends with ok
1 verbose cli [ 'C:\\Program Files\\nodejs\\node.exe',
1 verbose cli   'C:\\Program Files\\nodejs\\node_modules\\npm\\bin\\npm-cli.js',
1 verbose cli   'update',
1 verbose cli   '--save' ]
2 info using npm@2.15.9
3 info using node@v4.5.0
4 silly mapToRegistry name async
5 silly mapToRegistry using default registry
6 silly mapToRegistry registry https://registry.npmjs.org/
7 silly mapToRegistry data Result {
7 silly mapToRegistry   raw: 'async',
7 silly mapToRegistry   scope: null,
7 silly mapToRegistry   name: 'async',
7 silly mapToRegistry   rawSpec: '',
7 silly mapToRegistry   spec: 'latest',
7 silly mapToRegistry   type: 'tag' }
8 silly mapToRegistry uri https://registry.npmjs.org/async
9 silly mapToRegistry name express
10 silly mapToRegistry using default registry
11 silly mapToRegistry registry https://registry.npmjs.org/
12 silly mapToRegistry data Result {
12 silly mapToRegistry   raw: 'express',
12 silly mapToRegistry   scope: null,
12 silly mapToRegistry   name: 'express',
12 silly mapToRegistry   rawSpec: '',
12 silly mapToRegistry   spec: 'latest',
12 silly mapToRegistry   type: 'tag' }
13 silly mapToRegistry uri https://registry.npmjs.org/express
14 silly mapToRegistry name jade
15 silly mapToRegistry using default registry
16 silly mapToRegistry registry https://registry.npmjs.org/
17 silly mapToRegistry data Result {
17 silly mapToRegistry   raw: 'jade',
17 silly mapToRegistry   scope: null,
17 silly mapToRegistry   name: 'jade',
17 silly mapToRegistry   rawSpec: '',
17 silly mapToRegistry   spec: 'latest',
17 silly mapToRegistry   type: 'tag' }
18 silly mapToRegistry uri https://registry.npmjs.org/jade
19 silly mapToRegistry name mongodb
20 silly mapToRegistry using default registry
21 silly mapToRegistry registry https://registry.npmjs.org/
22 silly mapToRegistry data Result {
22 silly mapToRegistry   raw: 'mongodb',
22 silly mapToRegistry   scope: null,
22 silly mapToRegistry   name: 'mongodb',
22 silly mapToRegistry   rawSpec: '',
22 silly mapToRegistry   spec: 'latest',
22 silly mapToRegistry   type: 'tag' }
23 silly mapToRegistry uri https://registry.npmjs.org/mongodb
24 silly mapToRegistry name node
25 silly mapToRegistry using default registry
26 silly mapToRegistry registry https://registry.npmjs.org/
27 silly mapToRegistry data Result {
27 silly mapToRegistry   raw: 'node',
27 silly mapToRegistry   scope: null,
27 silly mapToRegistry   name: 'node',
27 silly mapToRegistry   rawSpec: '',
27 silly mapToRegistry   spec: 'latest',
27 silly mapToRegistry   type: 'tag' }
28 silly mapToRegistry uri https://registry.npmjs.org/node
29 silly mapToRegistry name rjs
30 silly mapToRegistry using default registry
31 silly mapToRegistry registry https://registry.npmjs.org/
32 silly mapToRegistry data Result {
32 silly mapToRegistry   raw: 'rjs',
32 silly mapToRegistry   scope: null,
32 silly mapToRegistry   name: 'rjs',
32 silly mapToRegistry   rawSpec: '',
32 silly mapToRegistry   spec: 'latest',
32 silly mapToRegistry   type: 'tag' }
33 silly mapToRegistry uri https://registry.npmjs.org/rjs
34 silly mapToRegistry name underscore
35 silly mapToRegistry using default registry
36 silly mapToRegistry registry https://registry.npmjs.org/
37 silly mapToRegistry data Result {
37 silly mapToRegistry   raw: 'underscore',
37 silly mapToRegistry   scope: null,
37 silly mapToRegistry   name: 'underscore',
37 silly mapToRegistry   rawSpec: '',
37 silly mapToRegistry   spec: 'latest',
37 silly mapToRegistry   type: 'tag' }
38 silly mapToRegistry uri https://registry.npmjs.org/underscore
39 silly mapToRegistry name npm
40 silly mapToRegistry using default registry
41 silly mapToRegistry registry https://registry.npmjs.org/
42 silly mapToRegistry data Result {
42 silly mapToRegistry   raw: 'npm',
42 silly mapToRegistry   scope: null,
42 silly mapToRegistry   name: 'npm',
42 silly mapToRegistry   rawSpec: '',
42 silly mapToRegistry   spec: 'latest',
42 silly mapToRegistry   type: 'tag' }
43 silly mapToRegistry uri https://registry.npmjs.org/npm
44 verbose request uri https://registry.npmjs.org/async
45 verbose request no auth needed
46 info attempt registry request try #1 at 19:35:19
47 verbose request id 00e81b235748cde2
48 verbose etag "9IZFMDNO9U05XX3YL6G64DUD3"
49 http request GET https://registry.npmjs.org/async
50 verbose request uri https://registry.npmjs.org/jade
51 verbose request no auth needed
52 info attempt registry request try #1 at 19:35:19
53 verbose etag "7PRUF5BE4EL9XFUUGJWPJ57IP"
54 http request GET https://registry.npmjs.org/jade
55 verbose request uri https://registry.npmjs.org/node
56 verbose request no auth needed
57 info attempt registry request try #1 at 19:35:19
58 verbose etag "4RB0I162TMBFF7IWMPCBRMD3L"
59 http request GET https://registry.npmjs.org/node
60 verbose request uri https://registry.npmjs.org/rjs
61 verbose request no auth needed
62 info attempt registry request try #1 at 19:35:19
63 verbose etag "6LTS3CYXBV51UZZKA12PEG11G"
64 http request GET https://registry.npmjs.org/rjs
65 verbose request uri https://registry.npmjs.org/underscore
66 verbose request no auth needed
67 info attempt registry request try #1 at 19:35:19
68 verbose etag "7HPC4NSWNN69EMACDCXRR5MRR"
69 http request GET https://registry.npmjs.org/underscore
70 verbose request uri https://registry.npmjs.org/express
71 verbose request no auth needed
72 info attempt registry request try #1 at 19:35:19
73 verbose etag "EWUK5TZABP9IAH848K25J0BAI"
74 http request GET https://registry.npmjs.org/express
75 verbose request uri https://registry.npmjs.org/mongodb
76 verbose request no auth needed
77 info attempt registry request try #1 at 19:35:19
78 verbose etag "4CDZ3VE2KMX152GPMD1DNK7NY"
79 http request GET https://registry.npmjs.org/mongodb
80 verbose request uri https://registry.npmjs.org/npm
81 verbose request no auth needed
82 info attempt registry request try #1 at 19:35:19
83 verbose etag "BNJGS47S6D760ARD3JZUP40NS"
84 http request GET https://registry.npmjs.org/npm
85 http 304 https://registry.npmjs.org/jade
86 verbose headers { date: 'Tue, 30 Aug 2016 17:35:20 GMT',
86 verbose headers   via: '1.1 varnish',
86 verbose headers   'cache-control': 'max-age=300',
86 verbose headers   etag: '"7PRUF5BE4EL9XFUUGJWPJ57IP"',
86 verbose headers   age: '73',
86 verbose headers   connection: 'keep-alive',
86 verbose headers   'x-served-by': 'cache-fra1232-FRA',
86 verbose headers   'x-cache': 'HIT',
86 verbose headers   'x-cache-hits': '2',
86 verbose headers   'x-timer': 'S1472578520.780930,VS0,VE0',
86 verbose headers   vary: 'Accept-Encoding' }
87 silly get cb [ 304,
87 silly get   { date: 'Tue, 30 Aug 2016 17:35:20 GMT',
87 silly get     via: '1.1 varnish',
87 silly get     'cache-control': 'max-age=300',
87 silly get     etag: '"7PRUF5BE4EL9XFUUGJWPJ57IP"',
87 silly get     age: '73',
87 silly get     connection: 'keep-alive',
87 silly get     'x-served-by': 'cache-fra1232-FRA',
87 silly get     'x-cache': 'HIT',
87 silly get     'x-cache-hits': '2',
87 silly get     'x-timer': 'S1472578520.780930,VS0,VE0',
87 silly get     vary: 'Accept-Encoding' } ]
88 verbose etag https://registry.npmjs.org/jade from cache
89 verbose get saving jade to C:\Users\Alexander\AppData\Roaming\npm-cache\registry.npmjs.org\jade\.cache.json
90 verbose correctMkdir C:\Users\Alexander\AppData\Roaming\npm-cache correctMkdir not in flight; initializing
91 http 304 https://registry.npmjs.org/node
92 verbose headers { date: 'Tue, 30 Aug 2016 17:35:20 GMT',
92 verbose headers   via: '1.1 varnish',
92 verbose headers   'cache-control': 'max-age=300',
92 verbose headers   etag: '"4RB0I162TMBFF7IWMPCBRMD3L"',
92 verbose headers   age: '53',
92 verbose headers   connection: 'keep-alive',
92 verbose headers   'x-served-by': 'cache-fra1238-FRA',
92 verbose headers   'x-cache': 'HIT',
92 verbose headers   'x-cache-hits': '1',
92 verbose headers   'x-timer': 'S1472578520.780992,VS0,VE0',
92 verbose headers   vary: 'Accept-Encoding' }
93 silly get cb [ 304,
93 silly get   { date: 'Tue, 30 Aug 2016 17:35:20 GMT',
93 silly get     via: '1.1 varnish',
93 silly get     'cache-control': 'max-age=300',
93 silly get     etag: '"4RB0I162TMBFF7IWMPCBRMD3L"',
93 silly get     age: '53',
93 silly get     connection: 'keep-alive',
93 silly get     'x-served-by': 'cache-fra1238-FRA',
93 silly get     'x-cache': 'HIT',
93 silly get     'x-cache-hits': '1',
93 silly get     'x-timer': 'S1472578520.780992,VS0,VE0',
93 silly get     vary: 'Accept-Encoding' } ]
94 verbose etag https://registry.npmjs.org/node from cache
95 verbose get saving node to C:\Users\Alexander\AppData\Roaming\npm-cache\registry.npmjs.org\node\.cache.json
96 verbose correctMkdir C:\Users\Alexander\AppData\Roaming\npm-cache correctMkdir already in flight; waiting
97 http 304 https://registry.npmjs.org/express
98 verbose headers { date: 'Tue, 30 Aug 2016 17:35:20 GMT',
98 verbose headers   via: '1.1 varnish',
98 verbose headers   'cache-control': 'max-age=300',
98 verbose headers   etag: '"EWUK5TZABP9IAH848K25J0BAI"',
98 verbose headers   age: '257',
98 verbose headers   connection: 'keep-alive',
98 verbose headers   'x-served-by': 'cache-fra1224-FRA',
98 verbose headers   'x-cache': 'HIT',
98 verbose headers   'x-cache-hits': '4',
98 verbose headers   'x-timer': 'S1472578520.780512,VS0,VE0',
98 verbose headers   vary: 'Accept-Encoding' }
99 silly get cb [ 304,
99 silly get   { date: 'Tue, 30 Aug 2016 17:35:20 GMT',
99 silly get     via: '1.1 varnish',
99 silly get     'cache-control': 'max-age=300',
99 silly get     etag: '"EWUK5TZABP9IAH848K25J0BAI"',
99 silly get     age: '257',
99 silly get     connection: 'keep-alive',
99 silly get     'x-served-by': 'cache-fra1224-FRA',
99 silly get     'x-cache': 'HIT',
99 silly get     'x-cache-hits': '4',
99 silly get     'x-timer': 'S1472578520.780512,VS0,VE0',
99 silly get     vary: 'Accept-Encoding' } ]
100 verbose etag https://registry.npmjs.org/express from cache
101 verbose get saving express to C:\Users\Alexander\AppData\Roaming\npm-cache\registry.npmjs.org\express\.cache.json
102 verbose correctMkdir C:\Users\Alexander\AppData\Roaming\npm-cache correctMkdir already in flight; waiting
103 http 304 https://registry.npmjs.org/async
104 verbose headers { date: 'Tue, 30 Aug 2016 17:35:20 GMT',
104 verbose headers   via: '1.1 varnish',
104 verbose headers   'cache-control': 'max-age=300',
104 verbose headers   etag: '"9IZFMDNO9U05XX3YL6G64DUD3"',
104 verbose headers   age: '175',
104 verbose headers   connection: 'keep-alive',
104 verbose headers   'x-served-by': 'cache-fra1244-FRA',
104 verbose headers   'x-cache': 'HIT',
104 verbose headers   'x-cache-hits': '13',
104 verbose headers   'x-timer': 'S1472578520.781127,VS0,VE0',
104 verbose headers   vary: 'Accept-Encoding' }
105 silly get cb [ 304,
105 silly get   { date: 'Tue, 30 Aug 2016 17:35:20 GMT',
105 silly get     via: '1.1 varnish',
105 silly get     'cache-control': 'max-age=300',
105 silly get     etag: '"9IZFMDNO9U05XX3YL6G64DUD3"',
105 silly get     age: '175',
105 silly get     connection: 'keep-alive',
105 silly get     'x-served-by': 'cache-fra1244-FRA',
105 silly get     'x-cache': 'HIT',
105 silly get     'x-cache-hits': '13',
105 silly get     'x-timer': 'S1472578520.781127,VS0,VE0',
105 silly get     vary: 'Accept-Encoding' } ]
106 verbose etag https://registry.npmjs.org/async from cache
107 verbose get saving async to C:\Users\Alexander\AppData\Roaming\npm-cache\registry.npmjs.org\async\.cache.json
108 verbose correctMkdir C:\Users\Alexander\AppData\Roaming\npm-cache correctMkdir already in flight; waiting
109 http 304 https://registry.npmjs.org/underscore
110 verbose headers { date: 'Tue, 30 Aug 2016 17:35:20 GMT',
110 verbose headers   via: '1.1 varnish',
110 verbose headers   'cache-control': 'max-age=300',
110 verbose headers   etag: '"7HPC4NSWNN69EMACDCXRR5MRR"',
110 verbose headers   age: '38',
110 verbose headers   connection: 'keep-alive',
110 verbose headers   'x-served-by': 'cache-fra1247-FRA',
110 verbose headers   'x-cache': 'HIT',
110 verbose headers   'x-cache-hits': '1',
110 verbose headers   'x-timer': 'S1472578520.781200,VS0,VE0',
110 verbose headers   vary: 'Accept-Encoding' }
111 silly get cb [ 304,
111 silly get   { date: 'Tue, 30 Aug 2016 17:35:20 GMT',
111 silly get     via: '1.1 varnish',
111 silly get     'cache-control': 'max-age=300',
111 silly get     etag: '"7HPC4NSWNN69EMACDCXRR5MRR"',
111 silly get     age: '38',
111 silly get     connection: 'keep-alive',
111 silly get     'x-served-by': 'cache-fra1247-FRA',
111 silly get     'x-cache': 'HIT',
111 silly get     'x-cache-hits': '1',
111 silly get     'x-timer': 'S1472578520.781200,VS0,VE0',
111 silly get     vary: 'Accept-Encoding' } ]
112 verbose etag https://registry.npmjs.org/underscore from cache
113 verbose get saving underscore to C:\Users\Alexander\AppData\Roaming\npm-cache\registry.npmjs.org\underscore\.cache.json
114 verbose correctMkdir C:\Users\Alexander\AppData\Roaming\npm-cache correctMkdir already in flight; waiting
115 http 304 https://registry.npmjs.org/rjs
116 verbose headers { date: 'Tue, 30 Aug 2016 17:35:20 GMT',
116 verbose headers   via: '1.1 varnish',
116 verbose headers   'cache-control': 'max-age=300',
116 verbose headers   etag: '"6LTS3CYXBV51UZZKA12PEG11G"',
116 verbose headers   age: '53',
116 verbose headers   connection: 'keep-alive',
116 verbose headers   'x-served-by': 'cache-fra1235-FRA',
116 verbose headers   'x-cache': 'HIT',
116 verbose headers   'x-cache-hits': '1',
116 verbose headers   'x-timer': 'S1472578520.782116,VS0,VE0',
116 verbose headers   vary: 'Accept-Encoding' }
117 silly get cb [ 304,
117 silly get   { date: 'Tue, 30 Aug 2016 17:35:20 GMT',
117 silly get     via: '1.1 varnish',
117 silly get     'cache-control': 'max-age=300',
117 silly get     etag: '"6LTS3CYXBV51UZZKA12PEG11G"',
117 silly get     age: '53',
117 silly get     connection: 'keep-alive',
117 silly get     'x-served-by': 'cache-fra1235-FRA',
117 silly get     'x-cache': 'HIT',
117 silly get     'x-cache-hits': '1',
117 silly get     'x-timer': 'S1472578520.782116,VS0,VE0',
117 silly get     vary: 'Accept-Encoding' } ]
118 verbose etag https://registry.npmjs.org/rjs from cache
119 verbose get saving rjs to C:\Users\Alexander\AppData\Roaming\npm-cache\registry.npmjs.org\rjs\.cache.json
120 verbose correctMkdir C:\Users\Alexander\AppData\Roaming\npm-cache correctMkdir already in flight; waiting
121 http 304 https://registry.npmjs.org/mongodb
122 verbose headers { date: 'Tue, 30 Aug 2016 17:35:20 GMT',
122 verbose headers   via: '1.1 varnish',
122 verbose headers   'cache-control': 'max-age=300',
122 verbose headers   etag: '"4CDZ3VE2KMX152GPMD1DNK7NY"',
122 verbose headers   age: '167',
122 verbose headers   connection: 'keep-alive',
122 verbose headers   'x-served-by': 'cache-fra1229-FRA',
122 verbose headers   'x-cache': 'HIT',
122 verbose headers   'x-cache-hits': '1',
122 verbose headers   'x-timer': 'S1472578520.785868,VS0,VE0',
122 verbose headers   vary: 'Accept-Encoding' }
123 silly get cb [ 304,
123 silly get   { date: 'Tue, 30 Aug 2016 17:35:20 GMT',
123 silly get     via: '1.1 varnish',
123 silly get     'cache-control': 'max-age=300',
123 silly get     etag: '"4CDZ3VE2KMX152GPMD1DNK7NY"',
123 silly get     age: '167',
123 silly get     connection: 'keep-alive',
123 silly get     'x-served-by': 'cache-fra1229-FRA',
123 silly get     'x-cache': 'HIT',
123 silly get     'x-cache-hits': '1',
123 silly get     'x-timer': 'S1472578520.785868,VS0,VE0',
123 silly get     vary: 'Accept-Encoding' } ]
124 verbose etag https://registry.npmjs.org/mongodb from cache
125 verbose get saving mongodb to C:\Users\Alexander\AppData\Roaming\npm-cache\registry.npmjs.org\mongodb\.cache.json
126 verbose correctMkdir C:\Users\Alexander\AppData\Roaming\npm-cache correctMkdir already in flight; waiting
127 http 304 https://registry.npmjs.org/npm
128 verbose headers { date: 'Tue, 30 Aug 2016 17:35:20 GMT',
128 verbose headers   via: '1.1 varnish',
128 verbose headers   'cache-control': 'max-age=300',
128 verbose headers   etag: '"BNJGS47S6D760ARD3JZUP40NS"',
128 verbose headers   age: '15',
128 verbose headers   connection: 'keep-alive',
128 verbose headers   'x-served-by': 'cache-fra1227-FRA',
128 verbose headers   'x-cache': 'HIT',
128 verbose headers   'x-cache-hits': '1',
128 verbose headers   'x-timer': 'S1472578520.787948,VS0,VE1',
128 verbose headers   vary: 'Accept-Encoding' }
129 silly get cb [ 304,
129 silly get   { date: 'Tue, 30 Aug 2016 17:35:20 GMT',
129 silly get     via: '1.1 varnish',
129 silly get     'cache-control': 'max-age=300',
129 silly get     etag: '"BNJGS47S6D760ARD3JZUP40NS"',
129 silly get     age: '15',
129 silly get     connection: 'keep-alive',
129 silly get     'x-served-by': 'cache-fra1227-FRA',
129 silly get     'x-cache': 'HIT',
129 silly get     'x-cache-hits': '1',
129 silly get     'x-timer': 'S1472578520.787948,VS0,VE1',
129 silly get     vary: 'Accept-Encoding' } ]
130 verbose etag https://registry.npmjs.org/npm from cache
131 verbose get saving npm to C:\Users\Alexander\AppData\Roaming\npm-cache\registry.npmjs.org\npm\.cache.json
132 verbose correctMkdir C:\Users\Alexander\AppData\Roaming\npm-cache correctMkdir not in flight; initializing
133 silly cache add args [ 'node', '^4.5.0' ]
134 verbose cache add spec node@^4.5.0
135 silly cache add parsed spec Result {
135 silly cache add   raw: 'node@^4.5.0',
135 silly cache add   scope: null,
135 silly cache add   name: 'node',
135 silly cache add   rawSpec: '^4.5.0',
135 silly cache add   spec: '>=4.5.0 <5.0.0',
135 silly cache add   type: 'range' }
136 silly addNamed node@>=4.5.0 <5.0.0
137 verbose addNamed ">=4.5.0 <5.0.0" is a valid semver range for node
138 silly addNameRange { name: 'node', range: '>=4.5.0 <5.0.0', hasData: false }
139 silly mapToRegistry name node
140 silly mapToRegistry using default registry
141 silly mapToRegistry registry https://registry.npmjs.org/
142 silly mapToRegistry data Result {
142 silly mapToRegistry   raw: 'node',
142 silly mapToRegistry   scope: null,
142 silly mapToRegistry   name: 'node',
142 silly mapToRegistry   rawSpec: '',
142 silly mapToRegistry   spec: 'latest',
142 silly mapToRegistry   type: 'tag' }
143 silly mapToRegistry uri https://registry.npmjs.org/node
144 verbose addNameRange registry:https://registry.npmjs.org/node not in flight; fetching
145 verbose get https://registry.npmjs.org/node not expired, no request
146 silly addNameRange number 2 { name: 'node', range: '>=4.5.0 <5.0.0', hasData: true }
147 silly addNameRange versions [ 'node', [ '0.0.0' ] ]
148 verbose stack Error: No compatible version found: node@'>=4.5.0 <5.0.0'
148 verbose stack Valid install targets:
148 verbose stack ["0.0.0"]
148 verbose stack
148 verbose stack     at installTargetsError (C:\Program Files\nodejs\node_modules\npm\lib\cache\add-named.js:284:12)
148 verbose stack     at next (C:\Program Files\nodejs\node_modules\npm\lib\cache\add-named.js:262:19)
148 verbose stack     at setData (C:\Program Files\nodejs\node_modules\npm\lib\cache\add-named.js:236:5)
148 verbose stack     at RES (C:\Program Files\nodejs\node_modules\npm\node_modules\inflight\inflight.js:23:14)
148 verbose stack     at f (C:\Program Files\nodejs\node_modules\npm\node_modules\once\once.js:17:25)
148 verbose stack     at fixName (C:\Program Files\nodejs\node_modules\npm\lib\cache\add-named.js:29:5)
148 verbose stack     at CachingRegistryClient.get_ (C:\Program Files\nodejs\node_modules\npm\lib\cache\caching-client.js:125:16)
148 verbose stack     at C:\Program Files\nodejs\node_modules\npm\lib\cache\caching-client.js:91:14
148 verbose stack     at C:\Program Files\nodejs\node_modules\npm\node_modules\graceful-fs\graceful-fs.js:78:16
148 verbose stack     at FSReqWrap.readFileAfterClose [as oncomplete] (fs.js:380:3)
149 verbose cwd C:\Users\Alexander\Google Drive\Bachelorarbeit\Audioguide\server
150 error Windows_NT 10.0.10586
151 error argv "C:\\Program Files\\nodejs\\node.exe" "C:\\Program Files\\nodejs\\node_modules\\npm\\bin\\npm-cli.js" "update" "--save"
152 error node v4.5.0
153 error npm  v2.15.9
154 error code ETARGET
155 error notarget No compatible version found: node@'>=4.5.0 <5.0.0'
155 error notarget Valid install targets:
155 error notarget ["0.0.0"]
155 error notarget
155 error notarget This is most likely not a problem with npm itself.
155 error notarget In most cases you or one of your dependencies are requesting
155 error notarget a package version that doesn't exist.
156 verbose exit [ 1, true ]
