0 info it worked if it ends with ok
1 verbose cli [ 'C:\\Program Files\\nodejs\\node.exe',
1 verbose cli   'C:\\Program Files\\nodejs\\node_modules\\npm\\bin\\npm-cli.js',
1 verbose cli   'install',
1 verbose cli   'angular-route@X.Y.Z' ]
2 info using npm@2.14.7
3 info using node@v4.2.1
4 verbose install initial load of C:\Users\Alexander\Google Drive\Bachelorarbeit\Audioguide\server\package.json
5 warn package.json audioguide@1.0.0 No description
6 warn package.json audioguide@1.0.0 No repository field.
7 warn package.json audioguide@1.0.0 No README data
8 verbose installManyTop reading scoped package data from C:\Users\Alexander\Google Drive\Bachelorarbeit\Audioguide\server\node_modules\body-parser\package.json
9 verbose installManyTop reading scoped package data from C:\Users\Alexander\Google Drive\Bachelorarbeit\Audioguide\server\node_modules\express\package.json
10 verbose installManyTop reading scoped package data from C:\Users\Alexander\Google Drive\Bachelorarbeit\Audioguide\server\node_modules\mongojs\package.json
11 verbose installManyTop reading scoped package data from C:\Users\Alexander\Google Drive\Bachelorarbeit\Audioguide\server\node_modules\restify\package.json
12 verbose readDependencies loading dependencies from C:\Users\Alexander\Google Drive\Bachelorarbeit\Audioguide\server\package.json
13 silly cache add args [ 'angular-route@X.Y.Z', null ]
14 verbose cache add spec angular-route@X.Y.Z
15 silly cache add parsed spec Result {
15 silly cache add   raw: 'angular-route@X.Y.Z',
15 silly cache add   scope: null,
15 silly cache add   name: 'angular-route',
15 silly cache add   rawSpec: 'X.Y.Z',
15 silly cache add   spec: 'X.Y.Z',
15 silly cache add   type: 'tag' }
16 silly addNamed angular-route@X.Y.Z
17 verbose addNamed "X.Y.Z" is being treated as a dist-tag for angular-route
18 info addNameTag [ 'angular-route', 'X.Y.Z' ]
19 silly mapToRegistry name angular-route
20 silly mapToRegistry using default registry
21 silly mapToRegistry registry https://registry.npmjs.org/
22 silly mapToRegistry uri https://registry.npmjs.org/angular-route
23 verbose addNameTag registry:https://registry.npmjs.org/angular-route not in flight; fetching
24 verbose request uri https://registry.npmjs.org/angular-route
25 verbose request no auth needed
26 info attempt registry request try #1 at 10:20:03
27 verbose request id 0302819ab44307b4
28 http request GET https://registry.npmjs.org/angular-route
29 http 200 https://registry.npmjs.org/angular-route
30 verbose headers { server: 'CouchDB/1.5.0 (Erlang OTP/R16B03)',
30 verbose headers   etag: '"CLXIZU1KD3RDKTO952KKVDHBF"',
30 verbose headers   'content-type': 'application/json',
30 verbose headers   'content-encoding': 'gzip',
30 verbose headers   'cache-control': 'max-age=300',
30 verbose headers   'content-length': '10161',
30 verbose headers   'accept-ranges': 'bytes',
30 verbose headers   date: 'Tue, 26 Jul 2016 08:20:05 GMT',
30 verbose headers   via: '1.1 varnish',
30 verbose headers   age: '83',
30 verbose headers   connection: 'keep-alive',
30 verbose headers   'x-served-by': 'cache-fra1229-FRA',
30 verbose headers   'x-cache': 'HIT',
30 verbose headers   'x-cache-hits': '1',
30 verbose headers   'x-timer': 'S1469521205.532965,VS0,VE0',
30 verbose headers   vary: 'Accept-Encoding' }
31 silly get cb [ 200,
31 silly get   { server: 'CouchDB/1.5.0 (Erlang OTP/R16B03)',
31 silly get     etag: '"CLXIZU1KD3RDKTO952KKVDHBF"',
31 silly get     'content-type': 'application/json',
31 silly get     'content-encoding': 'gzip',
31 silly get     'cache-control': 'max-age=300',
31 silly get     'content-length': '10161',
31 silly get     'accept-ranges': 'bytes',
31 silly get     date: 'Tue, 26 Jul 2016 08:20:05 GMT',
31 silly get     via: '1.1 varnish',
31 silly get     age: '83',
31 silly get     connection: 'keep-alive',
31 silly get     'x-served-by': 'cache-fra1229-FRA',
31 silly get     'x-cache': 'HIT',
31 silly get     'x-cache-hits': '1',
31 silly get     'x-timer': 'S1469521205.532965,VS0,VE0',
31 silly get     vary: 'Accept-Encoding' } ]
32 verbose get saving angular-route to C:\Users\Alexander\AppData\Roaming\npm-cache\registry.npmjs.org\angular-route\.cache.json
33 silly addNameTag next cb for angular-route with tag X.Y.Z
34 verbose stack Error: No compatible version found: angular-route@'X.Y.Z'
34 verbose stack Valid install targets:
34 verbose stack ["1.2.17-build.163.1","1.3.0-rc.5","1.3.0","1.3.1","1.3.2","1.3.3","1.3.4-build.3588","1.2.27","1.3.4","1.3.5","1.3.6","1.3.7","1.2.28","1.3.8","1.4.0-beta.0","1.3.9","1.3.10","1.4.0-beta.1","1.4.0-beta.2","1.3.11","1.4.0-beta.3","1.3.12","1.3.13","1.4.0-beta.4","1.3.14","1.4.0-beta.5","1.4.0-beta.6","1.3.15","1.4.0-rc.0","1.4.0-rc.1","1.4.0-rc.2","1.4.0","1.3.16","1.4.1","1.4.2","1.3.17","1.4.3","1.4.4","1.3.18","1.4.5","1.3.19","1.4.6","1.5.0-beta.0","1.2.29","1.3.20","1.4.7","1.5.0-beta.2","1.4.8","1.5.0-rc.0","1.5.0-rc.1","1.4.9","1.5.0-rc.2","1.5.0","1.5.1","1.4.10","1.5.2","1.5.3","1.5.5","1.4.11","1.5.6","1.4.12","1.5.7","1.2.30","1.5.8"]
34 verbose stack
34 verbose stack     at installTargetsError (C:\Program Files\nodejs\node_modules\npm\lib\cache\add-named.js:284:12)
34 verbose stack     at next (C:\Program Files\nodejs\node_modules\npm\lib\cache\add-named.js:94:10)
34 verbose stack     at RES (C:\Program Files\nodejs\node_modules\npm\node_modules\inflight\inflight.js:23:14)
34 verbose stack     at f (C:\Program Files\nodejs\node_modules\npm\node_modules\once\once.js:17:25)
34 verbose stack     at fixName (C:\Program Files\nodejs\node_modules\npm\lib\cache\add-named.js:29:5)
34 verbose stack     at saved (C:\Program Files\nodejs\node_modules\npm\lib\cache\caching-client.js:173:7)
34 verbose stack     at C:\Program Files\nodejs\node_modules\npm\node_modules\graceful-fs\polyfills.js:210:7
34 verbose stack     at FSReqWrap.oncomplete (fs.js:82:15)
35 verbose cwd C:\Users\Alexander\Google Drive\Bachelorarbeit\Audioguide\server\public
36 error Windows_NT 10.0.10586
37 error argv "C:\\Program Files\\nodejs\\node.exe" "C:\\Program Files\\nodejs\\node_modules\\npm\\bin\\npm-cli.js" "install" "angular-route@X.Y.Z"
38 error node v4.2.1
39 error npm  v2.14.7
40 error code ETARGET
41 error notarget No compatible version found: angular-route@'X.Y.Z'
41 error notarget Valid install targets:
41 error notarget ["1.2.17-build.163.1","1.3.0-rc.5","1.3.0","1.3.1","1.3.2","1.3.3","1.3.4-build.3588","1.2.27","1.3.4","1.3.5","1.3.6","1.3.7","1.2.28","1.3.8","1.4.0-beta.0","1.3.9","1.3.10","1.4.0-beta.1","1.4.0-beta.2","1.3.11","1.4.0-beta.3","1.3.12","1.3.13","1.4.0-beta.4","1.3.14","1.4.0-beta.5","1.4.0-beta.6","1.3.15","1.4.0-rc.0","1.4.0-rc.1","1.4.0-rc.2","1.4.0","1.3.16","1.4.1","1.4.2","1.3.17","1.4.3","1.4.4","1.3.18","1.4.5","1.3.19","1.4.6","1.5.0-beta.0","1.2.29","1.3.20","1.4.7","1.5.0-beta.2","1.4.8","1.5.0-rc.0","1.5.0-rc.1","1.4.9","1.5.0-rc.2","1.5.0","1.5.1","1.4.10","1.5.2","1.5.3","1.5.5","1.4.11","1.5.6","1.4.12","1.5.7","1.2.30","1.5.8"]
41 error notarget
41 error notarget This is most likely not a problem with npm itself.
41 error notarget In most cases you or one of your dependencies are requesting
41 error notarget a package version that doesn't exist.
41 error notarget
41 error notarget It was specified as a dependency of 'audioguide'
42 verbose exit [ 1, true ]
